<?xml version="1.0" encoding="UTF-8"?>
<!-- Generated by org.testng.reporters.JUnitXMLReporter -->
<testsuite hostname="NEWT526" ignored="0" name="Place Order" tests="3" failures="0" timestamp="08 Dec 2017 14:38:21 GMT" time="381.007" errors="0">
  <testcase name="Addtocart_mob" time="131.083" classname="com.Ecomm.framework.OrderFlow_Mobile"/>
  <testcase name="Checkoutcart_mob" time="126.676" classname="com.Ecomm.framework.OrderFlow_Mobile"/>
  <testcase name="PlaceOrder_mob" time="123.211" classname="com.Ecomm.framework.OrderFlow_Mobile"/>
</testsuite> <!-- Place Order -->
