<?xml version="1.0" encoding="UTF-8"?>
<testsuite name="TestSuite" time="3.673" tests="3" errors="0" skipped="0" failures="3">
  <properties>
[...]
</properties>
  <testcase name="Addtocart_mob" classname="com.Ecomm.framework.OrderFlow_Mobile" time="2.583">
    <failure message="Missing required webdriver argument. Call your builder&apos;s withWebDriver() method" type="com.perfecto.reportium.exception.ReportiumException"><![CDATA[com.perfecto.reportium.exception.ReportiumException: Missing required webdriver argument. Call your builder's withWebDriver() method
	at com.perfecto.reportium.model.PerfectoExecutionContext.<init>(PerfectoExecutionContext.java:23)
	at com.perfecto.reportium.model.PerfectoExecutionContext$PerfectoExecutionContextBuilder.build(PerfectoExecutionContext.java:42)
	at com.Ecomm.framework.OrderFlow_Mobile.Addtocart_mob(OrderFlow_Mobile.java:52)
]]></failure>
    <system-out><![CDATA[Start Of Execution(TEST)->Place Order
Test Started->Addtocart_mob
Run started
Failed to obtain device with options 'MobileDeviceFindOptions [_os=iOS, _osVersion=11.1.2, _manufacturer=null, _model=iPhone-6, _appName=mobileOS, _appVersion=, _resolution=null, _network=null, _location=null, _automationInfrastructure=null, _description=null, _deviceType=null, _operabilityScore=null]'. Message: Failed to execute command handset obtain: No device was found
Build info: version: '3.4.0', revision: 'unknown', time: 'unknown'
System info: host: 'b4ae084cb78d', ip: '172.18.0.4', os.name: 'Linux', os.arch: 'amd64', os.version: '4.4.0-47-generic', java.version: '1.8.0_131'
Driver info: driver.version: PerfectoMobileDriver
Test Failed->Addtocart_mob
]]></system-out>
    <system-err><![CDATA[SLF4J: Failed to load class "org.slf4j.impl.StaticLoggerBinder".
SLF4J: Defaulting to no-operation (NOP) logger implementation
SLF4J: See http://www.slf4j.org/codes.html#StaticLoggerBinder for further details.
]]></system-err>
  </testcase>
  <testcase name="Checkoutcart_mob" classname="com.Ecomm.framework.OrderFlow_Mobile" time="0.547">
    <failure message="Missing required webdriver argument. Call your builder&apos;s withWebDriver() method" type="com.perfecto.reportium.exception.ReportiumException"><![CDATA[com.perfecto.reportium.exception.ReportiumException: Missing required webdriver argument. Call your builder's withWebDriver() method
	at com.perfecto.reportium.model.PerfectoExecutionContext.<init>(PerfectoExecutionContext.java:23)
	at com.perfecto.reportium.model.PerfectoExecutionContext$PerfectoExecutionContextBuilder.build(PerfectoExecutionContext.java:42)
	at com.Ecomm.framework.OrderFlow_Mobile.Checkoutcart_mob(OrderFlow_Mobile.java:116)
]]></failure>
    <system-out><![CDATA[Test Started->Checkoutcart_mob
Run started
Failed to obtain device with options 'MobileDeviceFindOptions [_os=iOS, _osVersion=11.1.2, _manufacturer=null, _model=iPhone-6, _appName=mobileOS, _appVersion=, _resolution=null, _network=null, _location=null, _automationInfrastructure=null, _description=null, _deviceType=null, _operabilityScore=null]'. Message: Failed to execute command handset obtain: No device was found
Build info: version: '3.4.0', revision: 'unknown', time: 'unknown'
System info: host: 'b4ae084cb78d', ip: '172.18.0.4', os.name: 'Linux', os.arch: 'amd64', os.version: '4.4.0-47-generic', java.version: '1.8.0_131'
Driver info: driver.version: PerfectoMobileDriver
Test Failed->Checkoutcart_mob
]]></system-out>
  </testcase>
  <testcase name="PlaceOrder_mob" classname="com.Ecomm.framework.OrderFlow_Mobile" time="0.543">
    <failure message="Missing required webdriver argument. Call your builder&apos;s withWebDriver() method" type="com.perfecto.reportium.exception.ReportiumException"><![CDATA[com.perfecto.reportium.exception.ReportiumException: Missing required webdriver argument. Call your builder's withWebDriver() method
	at com.perfecto.reportium.model.PerfectoExecutionContext.<init>(PerfectoExecutionContext.java:23)
	at com.perfecto.reportium.model.PerfectoExecutionContext$PerfectoExecutionContextBuilder.build(PerfectoExecutionContext.java:42)
	at com.Ecomm.framework.OrderFlow_Mobile.PlaceOrder_mob(OrderFlow_Mobile.java:190)
]]></failure>
    <system-out><![CDATA[Test Started->PlaceOrder_mob
Run started
Failed to obtain device with options 'MobileDeviceFindOptions [_os=iOS, _osVersion=11.1.2, _manufacturer=null, _model=iPhone-6, _appName=mobileOS, _appVersion=, _resolution=null, _network=null, _location=null, _automationInfrastructure=null, _description=null, _deviceType=null, _operabilityScore=null]'. Message: Failed to execute command handset obtain: No device was found
Build info: version: '3.4.0', revision: 'unknown', time: 'unknown'
System info: host: 'b4ae084cb78d', ip: '172.18.0.4', os.name: 'Linux', os.arch: 'amd64', os.version: '4.4.0-47-generic', java.version: '1.8.0_131'
Driver info: driver.version: PerfectoMobileDriver
Test Failed->PlaceOrder_mob
]]></system-out>
  </testcase>
</testsuite>