<?xml version="1.0" encoding="UTF-8"?>
<!-- Generated by org.testng.reporters.JUnitXMLReporter -->
<testsuite hostname="NEWT526" name="Place Order" tests="3" failures="0" timestamp="5 Dec 2017 12:20:37 GMT" time="344.356" errors="0">
  <testcase name="Addtocart_mob" time="113.433" classname="Driver.OrderFlow_Mobile"/>
  <testcase name="Checkoutcart_mob" time="110.481" classname="Driver.OrderFlow_Mobile"/>
  <testcase name="PlaceOrder_mob" time="120.363" classname="Driver.OrderFlow_Mobile"/>
</testsuite> <!-- Place Order -->
